#
# There is insufficient memory for the Java Runtime Environment to continue.
# Native memory allocation (malloc) failed to allocate 1058496 bytes for Chunk::new
# Possible reasons:
#   The system is out of physical RAM or swap space
#   In 32 bit mode, the process size limit was hit
# Possible solutions:
#   Reduce memory load on the system
#   Increase physical memory or swap space
#   Check if swap backing store is full
#   Use 64 bit Java on a 64 bit OS
#   Decrease Java heap size (-Xmx/-Xms)
#   Decrease number of Java threads
#   Decrease Java thread stack sizes (-Xss)
#   Set larger code cache with -XX:ReservedCodeCacheSize=
# This output file may be truncated or incomplete.
#
#  Out of Memory Error (allocation.cpp:390), pid=3712, tid=0x000000000000218c
#
# JRE version: OpenJDK Runtime Environment (8.0_152-b02) (build 1.8.0_152-release-1024-b02)
# Java VM: OpenJDK 64-Bit Server VM (25.152-b02 mixed mode windows-amd64 compressed oops)
# Failed to write core dump. Minidumps are not enabled by default on client versions of Windows
#

---------------  T H R E A D  ---------------

Current thread (0x00000000175b8800):  JavaThread "C2 CompilerThread0" daemon [_thread_in_native, id=8588, stack(0x0000000019b90000,0x0000000019c90000)]

Stack: [0x0000000019b90000,0x0000000019c90000]
[error occurred during error reporting (printing stack bounds), id 0xc0000005]

Native frames: (J=compiled Java code, j=interpreted, Vv=VM code, C=native code)


Current CompileTask:
C2:   8714 3905       4       org.gradle.model.internal.type.ModelType::wrap (219 bytes)


---------------  P R O C E S S  ---------------

Java Threads: ( => current thread )
  0x000000001e9d0000 JavaThread "Memory manager" [_thread_blocked, id=6392, stack(0x0000000022d50000,0x0000000022e50000)]
  0x000000001e9cf000 JavaThread "pool-1-thread-1" [_thread_blocked, id=1412, stack(0x0000000022a50000,0x0000000022b50000)]
  0x000000001e9d0800 JavaThread "build operations Thread 8" [_thread_blocked, id=10996, stack(0x0000000022350000,0x0000000022450000)]
  0x000000001e9cd800 JavaThread "build operations Thread 7" [_thread_blocked, id=9796, stack(0x0000000022250000,0x0000000022350000)]
  0x000000001eaff000 JavaThread "build operations Thread 6" [_thread_blocked, id=6024, stack(0x0000000022150000,0x0000000022250000)]
  0x000000001eafe800 JavaThread "build operations Thread 5" [_thread_blocked, id=15368, stack(0x0000000022050000,0x0000000022150000)]
  0x000000001eafb800 JavaThread "build operations Thread 4" [_thread_blocked, id=6712, stack(0x0000000021f50000,0x0000000022050000)]
  0x000000001eafd000 JavaThread "build operations Thread 3" [_thread_blocked, id=13504, stack(0x0000000021e50000,0x0000000021f50000)]
  0x000000001eafc000 JavaThread "build operations Thread 2" [_thread_blocked, id=14824, stack(0x0000000021d50000,0x0000000021e50000)]
  0x000000001eb01800 JavaThread "build operations" [_thread_blocked, id=12316, stack(0x0000000021a30000,0x0000000021b30000)]
  0x000000001eb00000 JavaThread "Cache worker for Artifact transforms cache (D:\Android\Studio\.gradle\caches\transforms-1)" [_thread_blocked, id=12460, stack(0x0000000020260000,0x0000000020360000)]
  0x000000001d1d1800 JavaThread "Cache worker for file hash cache (C:\Users\Lenovo\Documents\SmsProvider\.gradle\4.4\fileHashes)" [_thread_blocked, id=12688, stack(0x000000001dbe0000,0x000000001dce0000)]
  0x000000001b4e5800 JavaThread "File lock request listener" [_thread_in_native, id=14312, stack(0x000000001cb10000,0x000000001cc10000)]
  0x000000001b7d9800 JavaThread "Cache worker for file hash cache (D:\Android\Studio\.gradle\caches\4.4\fileHashes)" [_thread_blocked, id=12276, stack(0x000000001c910000,0x000000001ca10000)]
  0x000000001b524800 JavaThread "Stdin handler" [_thread_blocked, id=3992, stack(0x000000001c510000,0x000000001c610000)]
  0x000000001b53a000 JavaThread "Asynchronous log dispatcher for DefaultDaemonConnection: socket connection from /127.0.0.1:60772 to /127.0.0.1:60773" [_thread_blocked, id=844, stack(0x000000001c410000,0x000000001c510000)]
  0x000000001b485000 JavaThread "Daemon worker" [_thread_in_vm, id=15032, stack(0x000000001c310000,0x000000001c410000)]
  0x000000001b484000 JavaThread "Cancel handler" [_thread_blocked, id=5932, stack(0x000000001c210000,0x000000001c310000)]
  0x000000001b469000 JavaThread "Handler for socket connection from /127.0.0.1:60772 to /127.0.0.1:60773" [_thread_in_native, id=15988, stack(0x000000001bf10000,0x000000001c010000)]
  0x000000001b468800 JavaThread "Daemon" [_thread_blocked, id=2564, stack(0x000000001be10000,0x000000001bf10000)]
  0x000000001b458800 JavaThread "Daemon periodic checks" [_thread_blocked, id=10880, stack(0x000000001bd10000,0x000000001be10000)]
  0x000000001afc8000 JavaThread "Incoming local TCP Connector on port 60772" [_thread_in_native, id=3192, stack(0x000000001bb60000,0x000000001bc60000)]
  0x00000000195be800 JavaThread "Service Thread" daemon [_thread_blocked, id=14644, stack(0x0000000019f90000,0x000000001a090000)]
  0x0000000019532000 JavaThread "C1 CompilerThread3" daemon [_thread_blocked, id=14488, stack(0x0000000019e90000,0x0000000019f90000)]
  0x000000001952e000 JavaThread "C2 CompilerThread2" daemon [_thread_in_native, id=11416, stack(0x0000000019d90000,0x0000000019e90000)]
  0x00000000175bd800 JavaThread "C2 CompilerThread1" daemon [_thread_in_native, id=8456, stack(0x0000000019c90000,0x0000000019d90000)]
=>0x00000000175b8800 JavaThread "C2 CompilerThread0" daemon [_thread_in_native, id=8588, stack(0x0000000019b90000,0x0000000019c90000)]
  0x00000000194cc800 JavaThread "Attach Listener" daemon [_thread_blocked, id=14992, stack(0x0000000019a90000,0x0000000019b90000)]
  0x0000000019520000 JavaThread "Signal Dispatcher" daemon [_thread_blocked, id=12608, stack(0x0000000019990000,0x0000000019a90000)]
  0x00000000037ee000 JavaThread "Finalizer" daemon [_thread_blocked, id=15164, stack(0x0000000019890000,0x0000000019990000)]
  0x00000000037e7000 JavaThread "Reference Handler" daemon [_thread_blocked, id=14744, stack(0x0000000019390000,0x0000000019490000)]
  0x00000000035ed800 JavaThread "main" [_thread_blocked, id=8620, stack(0x00000000035f0000,0x00000000036f0000)]

Other Threads:
  0x00000000175a7800 VMThread [stack: 0x0000000019290000,0x0000000019390000] [id=1480]
  0x00000000195bf800 WatcherThread [stack: 0x000000001a090000,0x000000001a190000] [id=2884]

VM state:not at safepoint (normal execution)

VM Mutex/Monitor currently owned by a thread: None

Heap:
 PSYoungGen      total 107008K, used 41752K [0x00000000e0000000, 0x00000000e9d00000, 0x0000000100000000)
  eden space 93184K, 33% used [0x00000000e0000000,0x00000000e1ed6f10,0x00000000e5b00000)
  from space 13824K, 73% used [0x00000000e5b00000,0x00000000e64ef2f8,0x00000000e6880000)
  to   space 13312K, 0% used [0x00000000e9000000,0x00000000e9000000,0x00000000e9d00000)
 ParOldGen       total 105984K, used 18836K [0x00000000a0000000, 0x00000000a6780000, 0x00000000e0000000)
  object space 105984K, 17% used [0x00000000a0000000,0x00000000a1265188,0x00000000a6780000)
 Metaspace       used 44547K, capacity 45580K, committed 45824K, reserved 1089536K
  class space    used 6041K, capacity 6366K, committed 6400K, reserved 1048576K

Card table byte_map: [0x0000000012bb0000,0x0000000012ec0000] byte_map_base: 0x00000000126b0000

Marking Bits: (ParMarkBitMap*) 0x0000000063714970
 Begin Bits: [0x00000000138c0000, 0x00000000150c0000)
 End Bits:   [0x00000000150c0000, 0x00000000168c0000)

Polling page: 0x0000000001410000

CodeCache: size=245760Kb used=13432Kb max_used=13432Kb free=232327Kb
 bounds [0x00000000037f0000, 0x0000000004520000, 0x00000000127f0000]
 total_blobs=4684 nmethods=3942 adapters=654
 compilation: enabled

Compilation events (10 events):
Event: 8.666 Thread 0x0000000019532000 nmethod 4331 0x0000000004511810 code [0x00000000045119c0, 0x0000000004511ee8]
Event: 8.693 Thread 0x0000000019532000 4332       3       jdk.internal.org.objectweb.asm.MethodWriter::visitLabel (281 bytes)
Event: 8.693 Thread 0x0000000019532000 nmethod 4332 0x00000000045120d0 code [0x0000000004512280, 0x0000000004512a48]
Event: 8.704 Thread 0x0000000019532000 4333       3       java.lang.invoke.MethodHandles$Lookup::checkAccess (250 bytes)
Event: 8.706 Thread 0x0000000019532000 nmethod 4333 0x0000000004512f10 code [0x00000000045131c0, 0x0000000004514a48]
Event: 8.712 Thread 0x0000000019532000 4334       3       java.lang.invoke.LambdaForm$DMH/872627152::invokeStatic_LL_L (15 bytes)
Event: 8.712 Thread 0x0000000019532000 nmethod 4334 0x00000000045152d0 code [0x0000000004515460, 0x00000000045159f8]
Event: 8.712 Thread 0x0000000019532000 4335       3       java.lang.invoke.LambdaForm$BMH/690052870::reinvoke (25 bytes)
Event: 8.712 Thread 0x0000000019532000 nmethod 4335 0x0000000004515b50 code [0x0000000004515ce0, 0x00000000045162d8]
Event: 8.712 Thread 0x0000000019532000 4336       3       java.lang.invoke.MethodHandleImpl::castReference (20 bytes)

GC Heap History (10 events):
Event: 5.225 GC heap before
{Heap before GC invocations=5 (full 1):
 PSYoungGen      total 76288K, used 65536K [0x00000000e0000000, 0x00000000e5500000, 0x0000000100000000)
  eden space 65536K, 100% used [0x00000000e0000000,0x00000000e4000000,0x00000000e4000000)
  from space 10752K, 0% used [0x00000000e4000000,0x00000000e4000000,0x00000000e4a80000)
  to   space 10752K, 0% used [0x00000000e4a80000,0x00000000e4a80000,0x00000000e5500000)
 ParOldGen       total 105984K, used 8640K [0x00000000a0000000, 0x00000000a6780000, 0x00000000e0000000)
  object space 105984K, 8% used [0x00000000a0000000,0x00000000a0870320,0x00000000a6780000)
 Metaspace       used 26419K, capacity 26988K, committed 27136K, reserved 1073152K
  class space    used 3633K, capacity 3809K, committed 3840K, reserved 1048576K
Event: 5.229 GC heap after
Heap after GC invocations=5 (full 1):
 PSYoungGen      total 76288K, used 6784K [0x00000000e0000000, 0x00000000e7400000, 0x0000000100000000)
  eden space 65536K, 0% used [0x00000000e0000000,0x00000000e0000000,0x00000000e4000000)
  from space 10752K, 63% used [0x00000000e4a80000,0x00000000e51201e8,0x00000000e5500000)
  to   space 10752K, 0% used [0x00000000e4000000,0x00000000e4000000,0x00000000e4a80000)
 ParOldGen       total 105984K, used 8648K [0x00000000a0000000, 0x00000000a6780000, 0x00000000e0000000)
  object space 105984K, 8% used [0x00000000a0000000,0x00000000a0872320,0x00000000a6780000)
 Metaspace       used 26419K, capacity 26988K, committed 27136K, reserved 1073152K
  class space    used 3633K, capacity 3809K, committed 3840K, reserved 1048576K
}
Event: 6.495 GC heap before
{Heap before GC invocations=6 (full 1):
 PSYoungGen      total 76288K, used 72320K [0x00000000e0000000, 0x00000000e7400000, 0x0000000100000000)
  eden space 65536K, 100% used [0x00000000e0000000,0x00000000e4000000,0x00000000e4000000)
  from space 10752K, 63% used [0x00000000e4a80000,0x00000000e51201e8,0x00000000e5500000)
  to   space 10752K, 0% used [0x00000000e4000000,0x00000000e4000000,0x00000000e4a80000)
 ParOldGen       total 105984K, used 8648K [0x00000000a0000000, 0x00000000a6780000, 0x00000000e0000000)
  object space 105984K, 8% used [0x00000000a0000000,0x00000000a0872320,0x00000000a6780000)
 Metaspace       used 30261K, capacity 30908K, committed 31104K, reserved 1075200K
  class space    used 4257K, capacity 4453K, committed 4480K, reserved 1048576K
Event: 6.501 GC heap after
Heap after GC invocations=6 (full 1):
 PSYoungGen      total 76288K, used 10134K [0x00000000e0000000, 0x00000000e7480000, 0x0000000100000000)
  eden space 65536K, 0% used [0x00000000e0000000,0x00000000e0000000,0x00000000e4000000)
  from space 10752K, 94% used [0x00000000e4000000,0x00000000e49e5ad8,0x00000000e4a80000)
  to   space 12288K, 0% used [0x00000000e6880000,0x00000000e6880000,0x00000000e7480000)
 ParOldGen       total 105984K, used 8656K [0x00000000a0000000, 0x00000000a6780000, 0x00000000e0000000)
  object space 105984K, 8% used [0x00000000a0000000,0x00000000a0874320,0x00000000a6780000)
 Metaspace       used 30261K, capacity 30908K, committed 31104K, reserved 1075200K
  class space    used 4257K, capacity 4453K, committed 4480K, reserved 1048576K
}
Event: 7.420 GC heap before
{Heap before GC invocations=7 (full 1):
 PSYoungGen      total 76288K, used 52892K [0x00000000e0000000, 0x00000000e7480000, 0x0000000100000000)
  eden space 65536K, 65% used [0x00000000e0000000,0x00000000e29c1748,0x00000000e4000000)
  from space 10752K, 94% used [0x00000000e4000000,0x00000000e49e5ad8,0x00000000e4a80000)
  to   space 12288K, 0% used [0x00000000e6880000,0x00000000e6880000,0x00000000e7480000)
 ParOldGen       total 105984K, used 8656K [0x00000000a0000000, 0x00000000a6780000, 0x00000000e0000000)
  object space 105984K, 8% used [0x00000000a0000000,0x00000000a0874320,0x00000000a6780000)
 Metaspace       used 34394K, capacity 35220K, committed 35416K, reserved 1079296K
  class space    used 4740K, capacity 4994K, committed 5120K, reserved 1048576K
Event: 7.431 GC heap after
Heap after GC invocations=7 (full 1):
 PSYoungGen      total 105472K, used 12172K [0x00000000e0000000, 0x00000000e7880000, 0x0000000100000000)
  eden space 93184K, 0% used [0x00000000e0000000,0x00000000e0000000,0x00000000e5b00000)
  from space 12288K, 99% used [0x00000000e6880000,0x00000000e7463220,0x00000000e7480000)
  to   space 13824K, 0% used [0x00000000e5b00000,0x00000000e5b00000,0x00000000e6880000)
 ParOldGen       total 105984K, used 8664K [0x00000000a0000000, 0x00000000a6780000, 0x00000000e0000000)
  object space 105984K, 8% used [0x00000000a0000000,0x00000000a0876320,0x00000000a6780000)
 Metaspace       used 34394K, capacity 35220K, committed 35416K, reserved 1079296K
  class space    used 4740K, capacity 4994K, committed 5120K, reserved 1048576K
}
Event: 7.431 GC heap before
{Heap before GC invocations=8 (full 2):
 PSYoungGen      total 105472K, used 12172K [0x00000000e0000000, 0x00000000e7880000, 0x0000000100000000)
  eden space 93184K, 0% used [0x00000000e0000000,0x00000000e0000000,0x00000000e5b00000)
  from space 12288K, 99% used [0x00000000e6880000,0x00000000e7463220,0x00000000e7480000)
  to   space 13824K, 0% used [0x00000000e5b00000,0x00000000e5b00000,0x00000000e6880000)
 ParOldGen       total 105984K, used 8664K [0x00000000a0000000, 0x00000000a6780000, 0x00000000e0000000)
  object space 105984K, 8% used [0x00000000a0000000,0x00000000a0876320,0x00000000a6780000)
 Metaspace       used 34394K, capacity 35220K, committed 35416K, reserved 1079296K
  class space    used 4740K, capacity 4994K, committed 5120K, reserved 1048576K
Event: 7.479 GC heap after
Heap after GC invocations=8 (full 2):
 PSYoungGen      total 105472K, used 0K [0x00000000e0000000, 0x00000000e7880000, 0x0000000100000000)
  eden space 93184K, 0% used [0x00000000e0000000,0x00000000e0000000,0x00000000e5b00000)
  from space 12288K, 0% used [0x00000000e6880000,0x00000000e6880000,0x00000000e7480000)
  to   space 13824K, 0% used [0x00000000e5b00000,0x00000000e5b00000,0x00000000e6880000)
 ParOldGen       total 105984K, used 18828K [0x00000000a0000000, 0x00000000a6780000, 0x00000000e0000000)
  object space 105984K, 17% used [0x00000000a0000000,0x00000000a1263188,0x00000000a6780000)
 Metaspace       used 34371K, capacity 35132K, committed 35416K, reserved 1079296K
  class space    used 4733K, capacity 4986K, committed 5120K, reserved 1048576K
}
Event: 8.374 GC heap before
{Heap before GC invocations=9 (full 2):
 PSYoungGen      total 105472K, used 93184K [0x00000000e0000000, 0x00000000e7880000, 0x0000000100000000)
  eden space 93184K, 100% used [0x00000000e0000000,0x00000000e5b00000,0x00000000e5b00000)
  from space 12288K, 0% used [0x00000000e6880000,0x00000000e6880000,0x00000000e7480000)
  to   space 13824K, 0% used [0x00000000e5b00000,0x00000000e5b00000,0x00000000e6880000)
 ParOldGen       total 105984K, used 18828K [0x00000000a0000000, 0x00000000a6780000, 0x00000000e0000000)
  object space 105984K, 17% used [0x00000000a0000000,0x00000000a1263188,0x00000000a6780000)
 Metaspace       used 42172K, capacity 43036K, committed 43392K, reserved 1087488K
  class space    used 5693K, capacity 5959K, committed 6016K, reserved 1048576K
Event: 8.384 GC heap after
Heap after GC invocations=9 (full 2):
 PSYoungGen      total 107008K, used 10172K [0x00000000e0000000, 0x00000000e9d00000, 0x0000000100000000)
  eden space 93184K, 0% used [0x00000000e0000000,0x00000000e0000000,0x00000000e5b00000)
  from space 13824K, 73% used [0x00000000e5b00000,0x00000000e64ef2f8,0x00000000e6880000)
  to   space 13312K, 0% used [0x00000000e9000000,0x00000000e9000000,0x00000000e9d00000)
 ParOldGen       total 105984K, used 18836K [0x00000000a0000000, 0x00000000a6780000, 0x00000000e0000000)
  object space 105984K, 17% used [0x00000000a0000000,0x00000000a1265188,0x00000000a6780000)
 Metaspace       used 42172K, capacity 43036K, committed 43392K, reserved 1087488K
  class space    used 5693K, capacity 5959K, committed 6016K, reserved 1048576K
}

Deoptimization events (10 events):
Event: 8.160 Thread 0x000000001b485000 Uncommon trap: reason=unstable_if action=reinterpret pc=0x0000000003c5e3bc method=java.lang.CharacterDataLatin1.isWhitespace(I)Z @ 14
Event: 8.202 Thread 0x000000001b485000 Uncommon trap: reason=unstable_if action=reinterpret pc=0x0000000004078e18 method=java.util.jar.JarFile.getInputStream(Ljava/util/zip/ZipEntry;)Ljava/io/InputStream; @ 37
Event: 8.207 Thread 0x000000001b485000 Uncommon trap: reason=unstable_if action=reinterpret pc=0x0000000003f5c2a0 method=java.util.jar.JarFile$JarFileEntry.getCodeSigners()[Ljava/security/CodeSigner; @ 24
Event: 8.207 Thread 0x000000001b485000 Uncommon trap: reason=unstable_if action=reinterpret pc=0x00000000040e3f30 method=java.security.CodeSource.<init>(Ljava/net/URL;[Ljava/security/CodeSigner;)V @ 25
Event: 8.210 Thread 0x000000001b485000 Uncommon trap: reason=unstable_if action=reinterpret pc=0x0000000003d07bec method=java.security.CodeSource.getCertificates()[Ljava/security/cert/Certificate; @ 22
Event: 8.210 Thread 0x000000001b485000 Uncommon trap: reason=unstable_if action=reinterpret pc=0x0000000003fce7bc method=java.security.CodeSource.matchCerts(Ljava/security/CodeSource;Z)Z @ 11
Event: 8.232 Thread 0x000000001b485000 Uncommon trap: reason=unstable_if action=reinterpret pc=0x00000000039c7138 method=java.util.LinkedHashMap.get(Ljava/lang/Object;)Ljava/lang/Object; @ 20
Event: 8.599 Thread 0x000000001b485000 Uncommon trap: reason=class_check action=maybe_recompile pc=0x000000000417a9b0 method=org.codehaus.groovy.runtime.metaclass.MetaMethodIndex.addMethodToList(Ljava/lang/Object;Lgroovy/lang/MetaMethod;)Ljava/lang/Object; @ 220
Event: 8.599 Thread 0x000000001b485000 Uncommon trap: reason=class_check action=maybe_recompile pc=0x000000000417a9b0 method=org.codehaus.groovy.runtime.metaclass.MetaMethodIndex.addMethodToList(Ljava/lang/Object;Lgroovy/lang/MetaMethod;)Ljava/lang/Object; @ 220
Event: 8.610 Thread 0x000000001b485000 Uncommon trap: reason=null_check action=make_not_entrant pc=0x000000000445bac8 method=java.lang.ThreadLocal$ThreadLocalMap.getEntryAfterMiss(Ljava/lang/ThreadLocal;ILjava/lang/ThreadLocal$ThreadLocalMap$Entry;)Ljava/lang/ThreadLocal$ThreadLocalMap$Entry; 

Classes redefined (0 events):
No events

Internal exceptions (10 events):
Event: 8.626 Thread 0x000000001b485000 Exception <a 'java/lang/ClassNotFoundException': org/gradle/api/internal/file/CompositeFileCollectionBeanInfo> (0x00000000e16cc268) thrown at [D:\src\AOSP-openjdk-cygwin\jdk8u\hotspot\src\share\vm\classfile\systemDictionary.cpp, line 210]
Event: 8.626 Thread 0x000000001b485000 Exception <a 'java/lang/ClassNotFoundException': org/gradle/api/internal/file/AbstractFileCollectionBeanInfo> (0x00000000e16fdec8) thrown at [D:\src\AOSP-openjdk-cygwin\jdk8u\hotspot\src\share\vm\classfile\systemDictionary.cpp, line 210]
Event: 8.627 Thread 0x000000001b485000 Exception <a 'java/lang/ClassNotFoundException': org/gradle/api/internal/file/AbstractFileCollectionCustomizer> (0x00000000e17304b8) thrown at [D:\src\AOSP-openjdk-cygwin\jdk8u\hotspot\src\share\vm\classfile\systemDictionary.cpp, line 210]
Event: 8.628 Thread 0x000000001b485000 Exception <a 'java/lang/ClassNotFoundException': org/gradle/api/internal/file/CompositeFileCollectionCustomizer> (0x00000000e17739d8) thrown at [D:\src\AOSP-openjdk-cygwin\jdk8u\hotspot\src\share\vm\classfile\systemDictionary.cpp, line 210]
Event: 8.628 Thread 0x000000001b485000 Exception <a 'java/lang/ClassNotFoundException': org/gradle/api/internal/file/CompositeFileTreeCustomizer> (0x00000000e17b2378) thrown at [D:\src\AOSP-openjdk-cygwin\jdk8u\hotspot\src\share\vm\classfile\systemDictionary.cpp, line 210]
Event: 8.629 Thread 0x000000001b485000 Exception <a 'java/lang/ClassNotFoundException': org/gradle/api/internal/file/collections/DefaultConfigurableFileTreeCustomizer> (0x00000000e17fc1b8) thrown at [D:\src\AOSP-openjdk-cygwin\jdk8u\hotspot\src\share\vm\classfile\systemDictionary.cpp, line 210
Event: 8.710 Thread 0x000000001b485000 Exception <a 'sun/nio/fs/WindowsException'> (0x00000000e1d9cb60) thrown at [D:\src\AOSP-openjdk-cygwin\jdk8u\hotspot\src\share\vm\prims\jni.cpp, line 709]
Event: 8.710 Thread 0x000000001b485000 Exception <a 'sun/nio/fs/WindowsException'> (0x00000000e1d9d4d0) thrown at [D:\src\AOSP-openjdk-cygwin\jdk8u\hotspot\src\share\vm\prims\jni.cpp, line 709]
Event: 8.711 Thread 0x000000001b485000 Exception <a 'sun/nio/fs/WindowsException'> (0x00000000e1d9efb0) thrown at [D:\src\AOSP-openjdk-cygwin\jdk8u\hotspot\src\share\vm\prims\jni.cpp, line 709]
Event: 8.711 Thread 0x000000001b485000 Exception <a 'sun/nio/fs/WindowsException'> (0x00000000e1d9f940) thrown at [D:\src\AOSP-openjdk-cygwin\jdk8u\hotspot\src\share\vm\prims\jni.cpp, line 709]

Events (10 events):
Event: 8.706 loading class com/android/repository/impl/manager/RepoManagerImpl$LoadTask
Event: 8.706 loading class com/android/repository/impl/manager/RepoManagerImpl$LoadTask done
Event: 8.708 loading class com/android/repository/impl/manager/LocalRepoLoaderImpl
Event: 8.708 loading class com/android/repository/impl/manager/LocalRepoLoaderImpl done
Event: 8.710 loading class java/nio/file/NoSuchFileException
Event: 8.710 loading class java/nio/file/NoSuchFileException done
Event: 8.711 loading class java/nio/file/Files$2
Event: 8.711 loading class java/nio/file/Files$2 done
Event: 8.711 loading class java/util/Spliterators$IteratorSpliterator
Event: 8.712 loading class java/util/Spliterators$IteratorSpliterator done


Dynamic libraries:
0x00007ff7cb500000 - 0x00007ff7cb531000 	D:\Android\Studio\jre\bin\java.exe
0x00007ffc45fe0000 - 0x00007ffc461c1000 	C:\WINDOWS\SYSTEM32\ntdll.dll
0x00007ffc439e0000 - 0x00007ffc43a92000 	C:\WINDOWS\System32\KERNEL32.DLL
0x00007ffc42a90000 - 0x00007ffc42d03000 	C:\WINDOWS\System32\KERNELBASE.dll
0x00007ffc43b00000 - 0x00007ffc43ba1000 	C:\WINDOWS\System32\ADVAPI32.dll
0x00007ffc43bb0000 - 0x00007ffc43c4e000 	C:\WINDOWS\System32\msvcrt.dll
0x00007ffc45e80000 - 0x00007ffc45edb000 	C:\WINDOWS\System32\sechost.dll
0x00007ffc43490000 - 0x00007ffc435b4000 	C:\WINDOWS\System32\RPCRT4.dll
0x00007ffc45100000 - 0x00007ffc45290000 	C:\WINDOWS\System32\USER32.dll
0x00007ffc423b0000 - 0x00007ffc423d0000 	C:\WINDOWS\System32\win32u.dll
0x00007ffc456d0000 - 0x00007ffc456f8000 	C:\WINDOWS\System32\GDI32.dll
0x00007ffc42570000 - 0x00007ffc42702000 	C:\WINDOWS\System32\gdi32full.dll
0x00007ffc424d0000 - 0x00007ffc4256f000 	C:\WINDOWS\System32\msvcp_win.dll
0x00007ffc423d0000 - 0x00007ffc424ca000 	C:\WINDOWS\System32\ucrtbase.dll
0x00007ffc355a0000 - 0x00007ffc35809000 	C:\WINDOWS\WinSxS\amd64_microsoft.windows.common-controls_6595b64144ccf1df_6.0.17134.285_none_fb4297e330656775\COMCTL32.dll
0x00007ffc45700000 - 0x00007ffc45a23000 	C:\WINDOWS\System32\combase.dll
0x00007ffc42710000 - 0x00007ffc4278a000 	C:\WINDOWS\System32\bcryptPrimitives.dll
0x00007ffc456a0000 - 0x00007ffc456cd000 	C:\WINDOWS\System32\IMM32.DLL
0x0000000180000000 - 0x000000018002c000 	C:\Program Files\Eisoo AnyShare\winhook64.dll
0x00007ffc45340000 - 0x00007ffc45348000 	C:\WINDOWS\System32\PSAPI.DLL
0x00007ffc45350000 - 0x00007ffc4536d000 	C:\WINDOWS\System32\imagehlp.dll
0x00007ffc43c50000 - 0x00007ffc45090000 	C:\WINDOWS\System32\SHELL32.dll
0x00007ffc42d10000 - 0x00007ffc42d59000 	C:\WINDOWS\System32\cfgmgr32.dll
0x00007ffc45290000 - 0x00007ffc45339000 	C:\WINDOWS\System32\shcore.dll
0x00007ffc42d60000 - 0x00007ffc4346d000 	C:\WINDOWS\System32\windows.storage.dll
0x00007ffc43aa0000 - 0x00007ffc43af1000 	C:\WINDOWS\System32\shlwapi.dll
0x00007ffc42370000 - 0x00007ffc42381000 	C:\WINDOWS\System32\kernel.appcore.dll
0x00007ffc42390000 - 0x00007ffc423af000 	C:\WINDOWS\System32\profapi.dll
0x00007ffc42300000 - 0x00007ffc4234c000 	C:\WINDOWS\System32\powrprof.dll
0x00007ffc422f0000 - 0x00007ffc422fa000 	C:\WINDOWS\System32\FLTLIB.DLL
0x00007ffc435c0000 - 0x00007ffc43711000 	C:\WINDOWS\System32\ole32.dll
0x0000000065610000 - 0x00000000656e3000 	C:\WINDOWS\WinSxS\amd64_microsoft.vc90.crt_1fc8b3b9a1e18e3b_9.0.30729.9415_none_08e0c10ba840a28a\MSVCP90.dll
0x0000000065560000 - 0x0000000065603000 	C:\WINDOWS\WinSxS\amd64_microsoft.vc90.crt_1fc8b3b9a1e18e3b_9.0.30729.9415_none_08e0c10ba840a28a\MSVCR90.dll
0x0000000063f00000 - 0x0000000063fd2000 	D:\Android\Studio\jre\jre\bin\msvcr100.dll
0x0000000062f50000 - 0x000000006378f000 	D:\Android\Studio\jre\jre\bin\server\jvm.dll
0x00007ffc3c8d0000 - 0x00007ffc3c8d9000 	C:\WINDOWS\SYSTEM32\WSOCK32.dll
0x00007ffc39320000 - 0x00007ffc3932a000 	C:\WINDOWS\SYSTEM32\VERSION.dll
0x00007ffc40190000 - 0x00007ffc401b3000 	C:\WINDOWS\SYSTEM32\WINMM.dll
0x00007ffc45090000 - 0x00007ffc450fc000 	C:\WINDOWS\System32\WS2_32.dll
0x00007ffc40040000 - 0x00007ffc4006a000 	C:\WINDOWS\SYSTEM32\winmmbase.dll
0x00007ffc3ac10000 - 0x00007ffc3ac1f000 	D:\Android\Studio\jre\jre\bin\verify.dll
0x00007ffc350c0000 - 0x00007ffc350e9000 	D:\Android\Studio\jre\jre\bin\java.dll
0x00007ffc369b0000 - 0x00007ffc369c6000 	D:\Android\Studio\jre\jre\bin\zip.dll
0x00007ffc367d0000 - 0x00007ffc367ea000 	D:\Android\Studio\jre\jre\bin\net.dll
0x00007ffc41810000 - 0x00007ffc41876000 	C:\WINDOWS\system32\mswsock.dll
0x00007ffc34960000 - 0x00007ffc34971000 	D:\Android\Studio\jre\jre\bin\nio.dll
0x00007ffc2b180000 - 0x00007ffc2b19e000 	D:\Android\Studio\.gradle\native\25\windows-amd64\native-platform.dll
0x00007ffc37e30000 - 0x00007ffc37e3d000 	D:\Android\Studio\jre\jre\bin\management.dll
0x00007ffc42010000 - 0x00007ffc42027000 	C:\WINDOWS\SYSTEM32\CRYPTSP.dll
0x00007ffc413f0000 - 0x00007ffc41423000 	C:\WINDOWS\system32\rsaenh.dll
0x00007ffc41da0000 - 0x00007ffc41dc5000 	C:\WINDOWS\SYSTEM32\bcrypt.dll
0x00007ffc42220000 - 0x00007ffc42248000 	C:\WINDOWS\SYSTEM32\USERENV.dll
0x00007ffc419c0000 - 0x00007ffc419cb000 	C:\WINDOWS\SYSTEM32\CRYPTBASE.dll
0x00007ffc41590000 - 0x00007ffc415c8000 	C:\WINDOWS\SYSTEM32\IPHLPAPI.DLL
0x00007ffc43470000 - 0x00007ffc43478000 	C:\WINDOWS\System32\NSI.dll
0x00007ffc39300000 - 0x00007ffc39316000 	C:\WINDOWS\SYSTEM32\dhcpcsvc6.DLL
0x00007ffc392e0000 - 0x00007ffc392fa000 	C:\WINDOWS\SYSTEM32\dhcpcsvc.DLL

VM Arguments:
jvm_args: -Xmx1536m -Dfile.encoding=GBK -Duser.country=CN -Duser.language=zh -Duser.variant 
java_command: org.gradle.launcher.daemon.bootstrap.GradleDaemon 4.4
java_class_path (initial): D:\Android\Studio\.gradle\wrapper\dists\gradle-4.4-all\9br9xq1tocpiv8o6njlyu5op1\gradle-4.4\lib\gradle-launcher-4.4.jar
Launcher Type: SUN_STANDARD

Environment Variables:
PATH=C:\Program Files (x86)\Intel\iCLS Client\;C:\Program Files\Intel\iCLS Client\;C:\Windows\system32;C:\Windows;C:\Windows\System32\Wbem;C:\Windows\System32\WindowsPowerShell\v1.0\;C:\Program Files (x86)\NVIDIA Corporation\PhysX\Common;C:\Program Files (x86)\Intel\Intel(R) Management Engine Components\DAL;C:\Program Files\Intel\Intel(R) Management Engine Components\DAL;C:\Program Files (x86)\Intel\Intel(R) Management Engine Components\IPT;C:\Program Files\Intel\Intel(R) Management Engine Components\IPT;C:\Program Files\Eisoo AnyShare;C:\WINDOWS\system32;C:\WINDOWS;C:\WINDOWS\System32\Wbem;C:\WINDOWS\System32\WindowsPowerShell\v1.0\;C:\WINDOWS\System32\OpenSSH\;C:\Users\Lenovo\Desktop\ecarx-adb-windows-V1.0;C:\Program Files\Git\cmd;C:\Users\Lenovo\AppData\Local\Microsoft\WindowsApps;
USERNAME=Lenovo
OS=Windows_NT
PROCESSOR_IDENTIFIER=Intel64 Family 6 Model 158 Stepping 9, GenuineIntel



---------------  S Y S T E M  ---------------

OS: Windows 10.0 , 64 bit Build 17134 (10.0.17134.1)

CPU:total 8 (initial active 8) (4 cores per cpu, 2 threads per core) family 6 model 158 stepping 9, cmov, cx8, fxsr, mmx, sse, sse2, sse3, ssse3, sse4.1, sse4.2, popcnt, avx, avx2, aes, clmul, erms, 3dnowpref, lzcnt, ht, tsc, tscinvbit, bmi1, bmi2, adx

Memory: 4k page, physical 16666788k(586232k free), swap 24531104k(5852k free)

vm_info: OpenJDK 64-Bit Server VM (25.152-b02) for windows-amd64 JRE (1.8.0_152-release-1024-b02), built by "builder" with MS VC++ 10.0 (VS2010)

time: Thu Sep 27 22:13:28 2018
elapsed time: 8 seconds (0d 0h 0m 8s)

